
*** Running vivado
    with args -log kr260_top.vdi -applog -m64 -product Vivado -messageDb vivado.pb -mode batch -source kr260_top.tcl -notrace



****** Vivado v2022.2 (64-bit)
  **** SW Build 3671981 on Fri Oct 14 05:00:03 MDT 2022
  **** IP Build 3669848 on Fri Oct 14 08:30:02 MDT 2022
    ** Copyright 1986-2022 Xilinx, Inc. All Rights Reserved.

source kr260_top.tcl -notrace
create_project: Time (s): cpu = 00:00:03 ; elapsed = 00:00:07 . Memory (MB): peak = 430.184 ; gain = 80.809
INFO: [IP_Flow 19-234] Refreshing IP repositories
INFO: [IP_Flow 19-1704] No user IP repositories specified
INFO: [IP_Flow 19-2313] Loaded Vivado IP repository 'C:/Xilinx/Vivado/2022.2/data/ip'.
Command: link_design -top kr260_top -part xck26-sfvc784-2LV-c
Design is defaulting to srcset: sources_1
Design is defaulting to constrset: constrs_1
INFO: [Device 21-403] Loading part xck26-sfvc784-2LV-c
INFO: [Project 1-454] Reading design checkpoint 'c:/Projects/Lemmings_game/build/wrapper_build/system/ip/system_axi_gpio_0_0/system_axi_gpio_0_0.dcp' for cell 'dut2/axi_gpio_0'
INFO: [Project 1-454] Reading design checkpoint 'c:/Projects/Lemmings_game/build/wrapper_build/system/ip/system_rst_ps8_0_99M_0/system_rst_ps8_0_99M_0.dcp' for cell 'dut2/rst_ps8_0_99M'
INFO: [Project 1-454] Reading design checkpoint 'c:/Projects/Lemmings_game/build/wrapper_build/system/ip/system_zynq_ultra_ps_e_0_0/system_zynq_ultra_ps_e_0_0.dcp' for cell 'dut2/zynq_ultra_ps_e_0'
INFO: [Project 1-454] Reading design checkpoint 'c:/Projects/Lemmings_game/build/wrapper_build/system/ip/system_auto_ds_0/system_auto_ds_0.dcp' for cell 'dut2/ps8_0_axi_periph/s00_couplers/auto_ds'
INFO: [Project 1-454] Reading design checkpoint 'c:/Projects/Lemmings_game/build/wrapper_build/system/ip/system_auto_pc_0/system_auto_pc_0.dcp' for cell 'dut2/ps8_0_axi_periph/s00_couplers/auto_pc'
Netlist sorting complete. Time (s): cpu = 00:00:00 ; elapsed = 00:00:00.120 . Memory (MB): peak = 1494.199 ; gain = 0.000
INFO: [Netlist 29-17] Analyzing 17 Unisim elements for replacement
INFO: [Netlist 29-28] Unisim Transformation completed in 0 CPU seconds
INFO: [Project 1-479] Netlist was created with Vivado 2022.2
INFO: [Project 1-570] Preparing netlist for logic optimization
Parsing XDC File [c:/Projects/Lemmings_game/build/wrapper_build/system/ip/system_zynq_ultra_ps_e_0_0/system_zynq_ultra_ps_e_0_0.xdc] for cell 'dut2/zynq_ultra_ps_e_0/U0'
Finished Parsing XDC File [c:/Projects/Lemmings_game/build/wrapper_build/system/ip/system_zynq_ultra_ps_e_0_0/system_zynq_ultra_ps_e_0_0.xdc] for cell 'dut2/zynq_ultra_ps_e_0/U0'
Parsing XDC File [c:/Projects/Lemmings_game/build/wrapper_build/system/ip/system_axi_gpio_0_0/system_axi_gpio_0_0_board.xdc] for cell 'dut2/axi_gpio_0/U0'
Finished Parsing XDC File [c:/Projects/Lemmings_game/build/wrapper_build/system/ip/system_axi_gpio_0_0/system_axi_gpio_0_0_board.xdc] for cell 'dut2/axi_gpio_0/U0'
Parsing XDC File [c:/Projects/Lemmings_game/build/wrapper_build/system/ip/system_axi_gpio_0_0/system_axi_gpio_0_0.xdc] for cell 'dut2/axi_gpio_0/U0'
Finished Parsing XDC File [c:/Projects/Lemmings_game/build/wrapper_build/system/ip/system_axi_gpio_0_0/system_axi_gpio_0_0.xdc] for cell 'dut2/axi_gpio_0/U0'
Parsing XDC File [c:/Projects/Lemmings_game/build/wrapper_build/system/ip/system_rst_ps8_0_99M_0/system_rst_ps8_0_99M_0_board.xdc] for cell 'dut2/rst_ps8_0_99M/U0'
Finished Parsing XDC File [c:/Projects/Lemmings_game/build/wrapper_build/system/ip/system_rst_ps8_0_99M_0/system_rst_ps8_0_99M_0_board.xdc] for cell 'dut2/rst_ps8_0_99M/U0'
Parsing XDC File [c:/Projects/Lemmings_game/build/wrapper_build/system/ip/system_rst_ps8_0_99M_0/system_rst_ps8_0_99M_0.xdc] for cell 'dut2/rst_ps8_0_99M/U0'
Finished Parsing XDC File [c:/Projects/Lemmings_game/build/wrapper_build/system/ip/system_rst_ps8_0_99M_0/system_rst_ps8_0_99M_0.xdc] for cell 'dut2/rst_ps8_0_99M/U0'
Parsing XDC File [C:/Projects/Lemmings_game/build/game_build/game_build.srcs/constrs_1/imports/constraints/io_map.xdc]
INFO: [Constraints 18-483] create_clock: no pin(s)/port(s)/net(s) specified as objects, only virtual clock 'clk_virt_100mhz' will be created. If you don't want this, please specify pin(s)/ports(s)/net(s) as objects to the command. [C:/Projects/Lemmings_game/build/game_build/game_build.srcs/constrs_1/imports/constraints/io_map.xdc:17]
INFO: [Timing 38-35] Done setting XDC timing constraints. [C:/Projects/Lemmings_game/build/game_build/game_build.srcs/constrs_1/imports/constraints/io_map.xdc:22]
INFO: [Vivado 12-2286] Implicit search of objects for pattern 'digging' matched to 'port' objects. [C:/Projects/Lemmings_game/build/game_build/game_build.srcs/constrs_1/imports/constraints/io_map.xdc:22]
Resolution: To avoid ambiguous patterns, provide proper objects using get commands e.g. [get_nets xyz].
INFO: [Vivado 12-2286] Implicit search of objects for pattern 'jumping' matched to 'port' objects. [C:/Projects/Lemmings_game/build/game_build/game_build.srcs/constrs_1/imports/constraints/io_map.xdc:26]
Resolution: To avoid ambiguous patterns, provide proper objects using get commands e.g. [get_nets xyz].
INFO: [Vivado 12-2286] Implicit search of objects for pattern 'walk_left' matched to 'port' objects. [C:/Projects/Lemmings_game/build/game_build/game_build.srcs/constrs_1/imports/constraints/io_map.xdc:30]
Resolution: To avoid ambiguous patterns, provide proper objects using get commands e.g. [get_nets xyz].
INFO: [Vivado 12-2286] Implicit search of objects for pattern 'aah' matched to 'port' objects. [C:/Projects/Lemmings_game/build/game_build/game_build.srcs/constrs_1/imports/constraints/io_map.xdc:34]
Resolution: To avoid ambiguous patterns, provide proper objects using get commands e.g. [get_nets xyz].
INFO: [Vivado 12-2286] Implicit search of objects for pattern 'walk_right' matched to 'port' objects. [C:/Projects/Lemmings_game/build/game_build/game_build.srcs/constrs_1/imports/constraints/io_map.xdc:38]
Resolution: To avoid ambiguous patterns, provide proper objects using get commands e.g. [get_nets xyz].
Finished Parsing XDC File [C:/Projects/Lemmings_game/build/game_build/game_build.srcs/constrs_1/imports/constraints/io_map.xdc]
Parsing XDC File [c:/Projects/Lemmings_game/build/wrapper_build/system/ip/system_auto_ds_0/system_auto_ds_0_clocks.xdc] for cell 'dut2/ps8_0_axi_periph/s00_couplers/auto_ds/inst'
Finished Parsing XDC File [c:/Projects/Lemmings_game/build/wrapper_build/system/ip/system_auto_ds_0/system_auto_ds_0_clocks.xdc] for cell 'dut2/ps8_0_axi_periph/s00_couplers/auto_ds/inst'
INFO: [Project 1-1714] 3 XPM XDC files have been applied to the design.
INFO: [Opt 31-138] Pushed 0 inverter(s) to 0 load pin(s).
Netlist sorting complete. Time (s): cpu = 00:00:00 ; elapsed = 00:00:00.002 . Memory (MB): peak = 1902.109 ; gain = 0.000
INFO: [Project 1-111] Unisim Transformation Summary:
  A total of 7 instances were transformed.
  RAM32M16 => RAM32M16 (RAMD32(x14), RAMS32(x2)): 5 instances
  RAM32X1D => RAM32X1D (RAMD32(x2)): 2 instances

23 Infos, 0 Warnings, 0 Critical Warnings and 0 Errors encountered.
link_design completed successfully
link_design: Time (s): cpu = 00:00:09 ; elapsed = 00:00:21 . Memory (MB): peak = 1902.109 ; gain = 1392.895
Command: opt_design
Attempting to get a license for feature 'Implementation' and/or device 'xck26'
INFO: [Common 17-349] Got license for feature 'Implementation' and/or device 'xck26'
Running DRC as a precondition to command opt_design

Starting DRC Task
INFO: [DRC 23-27] Running DRC with 2 threads
INFO: [Project 1-461] DRC finished with 0 Errors
INFO: [Project 1-462] Please refer to the DRC report (report_drc) for more information.

Time (s): cpu = 00:00:01 ; elapsed = 00:00:01 . Memory (MB): peak = 1902.109 ; gain = 0.000

Starting Cache Timing Information Task
INFO: [Constraints 18-483] create_clock: no pin(s)/port(s)/net(s) specified as objects, only virtual clock 'clk_virt_100mhz' will be created. If you don't want this, please specify pin(s)/ports(s)/net(s) as objects to the command. [C:/Projects/Lemmings_game/build/game_build/game_build.srcs/constrs_1/imports/constraints/io_map.xdc:17]
INFO: [Timing 38-35] Done setting XDC timing constraints.
Ending Cache Timing Information Task | Checksum: 21196fedd

Time (s): cpu = 00:00:01 ; elapsed = 00:00:00.194 . Memory (MB): peak = 1902.109 ; gain = 0.000

Starting Logic Optimization Task

Phase 1 Retarget
INFO: [Opt 31-1287] Pulled Inverter dut2/ps8_0_axi_periph/s00_couplers/auto_ds/inst/gen_downsizer.gen_simple_downsizer.axi_downsizer_inst/USE_READ.read_addr_inst/cmd_queue/inst/current_word_1[3]_i_1 into driver instance dut2/ps8_0_axi_periph/s00_couplers/auto_ds/inst/gen_downsizer.gen_simple_downsizer.axi_downsizer_inst/USE_READ.read_addr_inst/cmd_queue/inst/s_axi_rvalid_INST_0_i_3, which resulted in an inversion of 2 pins
INFO: [Opt 31-1287] Pulled Inverter dut2/ps8_0_axi_periph/s00_couplers/auto_ds/inst/gen_downsizer.gen_simple_downsizer.axi_downsizer_inst/USE_WRITE.USE_SPLIT.write_resp_inst/first_mi_word_i_2 into driver instance dut2/ps8_0_axi_periph/s00_couplers/auto_ds/inst/gen_downsizer.gen_simple_downsizer.axi_downsizer_inst/USE_WRITE.USE_SPLIT.write_resp_inst/s_axi_bvalid_INST_0_i_1, which resulted in an inversion of 5 pins
INFO: [Opt 31-138] Pushed 5 inverter(s) to 387 load pin(s).
INFO: [Opt 31-49] Retargeted 0 cell(s).
Phase 1 Retarget | Checksum: 1dd5cac46

Time (s): cpu = 00:00:00 ; elapsed = 00:00:00.213 . Memory (MB): peak = 2252.668 ; gain = 0.000
INFO: [Opt 31-389] Phase Retarget created 2 cells and removed 281 cells
INFO: [Opt 31-1021] In phase Retarget, 27 netlist objects are constrained preventing optimization. Please run opt_design with -debug_log to get more detail. 

Phase 2 Constant propagation
INFO: [Opt 31-138] Pushed 0 inverter(s) to 0 load pin(s).
Phase 2 Constant propagation | Checksum: 1d2ea6569

Time (s): cpu = 00:00:00 ; elapsed = 00:00:00.239 . Memory (MB): peak = 2252.668 ; gain = 0.000
INFO: [Opt 31-389] Phase Constant propagation created 5 cells and removed 26 cells
INFO: [Opt 31-1021] In phase Constant propagation, 27 netlist objects are constrained preventing optimization. Please run opt_design with -debug_log to get more detail. 

Phase 3 Sweep
Phase 3 Sweep | Checksum: 1825c7c0e

Time (s): cpu = 00:00:00 ; elapsed = 00:00:00.462 . Memory (MB): peak = 2252.668 ; gain = 0.000
INFO: [Opt 31-389] Phase Sweep created 0 cells and removed 671 cells
INFO: [Opt 31-1021] In phase Sweep, 97 netlist objects are constrained preventing optimization. Please run opt_design with -debug_log to get more detail. 

Phase 4 BUFG optimization
INFO: [Opt 31-1077] Phase BUFG optimization inserted 0 global clock buffer(s) for CLOCK_LOW_FANOUT.
Phase 4 BUFG optimization | Checksum: 1825c7c0e

Time (s): cpu = 00:00:00 ; elapsed = 00:00:00.509 . Memory (MB): peak = 2252.668 ; gain = 0.000
INFO: [Opt 31-662] Phase BUFG optimization created 0 cells of which 0 are BUFGs and removed 0 cells.

Phase 5 Shift Register Optimization
INFO: [Opt 31-1064] SRL Remap converted 0 SRLs to 0 registers and converted 0 registers of register chains to 0 SRLs
Phase 5 Shift Register Optimization | Checksum: 1825c7c0e

Time (s): cpu = 00:00:00 ; elapsed = 00:00:00.514 . Memory (MB): peak = 2252.668 ; gain = 0.000
INFO: [Opt 31-389] Phase Shift Register Optimization created 0 cells and removed 0 cells

Phase 6 Post Processing Netlist
Phase 6 Post Processing Netlist | Checksum: 1761a937b

Time (s): cpu = 00:00:00 ; elapsed = 00:00:00.529 . Memory (MB): peak = 2252.668 ; gain = 0.000
INFO: [Opt 31-389] Phase Post Processing Netlist created 0 cells and removed 0 cells
INFO: [Opt 31-1021] In phase Post Processing Netlist, 33 netlist objects are constrained preventing optimization. Please run opt_design with -debug_log to get more detail. 
Opt_design Change Summary
=========================


-------------------------------------------------------------------------------------------------------------------------
|  Phase                        |  #Cells created  |  #Cells Removed  |  #Constrained objects preventing optimizations  |
-------------------------------------------------------------------------------------------------------------------------
|  Retarget                     |               2  |             281  |                                             27  |
|  Constant propagation         |               5  |              26  |                                             27  |
|  Sweep                        |               0  |             671  |                                             97  |
|  BUFG optimization            |               0  |               0  |                                              0  |
|  Shift Register Optimization  |               0  |               0  |                                              0  |
|  Post Processing Netlist      |               0  |               0  |                                             33  |
-------------------------------------------------------------------------------------------------------------------------



Starting Connectivity Check Task

Time (s): cpu = 00:00:00 ; elapsed = 00:00:00.003 . Memory (MB): peak = 2252.668 ; gain = 0.000
Ending Logic Optimization Task | Checksum: e27a8e20

Time (s): cpu = 00:00:00 ; elapsed = 00:00:00.599 . Memory (MB): peak = 2252.668 ; gain = 0.000

Starting Power Optimization Task
INFO: [Pwropt 34-132] Skipping clock gating for clocks with a period < 2.00 ns.
Ending Power Optimization Task | Checksum: e27a8e20

Time (s): cpu = 00:00:00 ; elapsed = 00:00:00.009 . Memory (MB): peak = 2252.668 ; gain = 0.000

Starting Final Cleanup Task
Ending Final Cleanup Task | Checksum: e27a8e20

Time (s): cpu = 00:00:00 ; elapsed = 00:00:00.001 . Memory (MB): peak = 2252.668 ; gain = 0.000

Starting Netlist Obfuscation Task
Netlist sorting complete. Time (s): cpu = 00:00:00 ; elapsed = 00:00:00.001 . Memory (MB): peak = 2252.668 ; gain = 0.000
Ending Netlist Obfuscation Task | Checksum: e27a8e20

Time (s): cpu = 00:00:00 ; elapsed = 00:00:00.002 . Memory (MB): peak = 2252.668 ; gain = 0.000
INFO: [Common 17-83] Releasing license: Implementation
48 Infos, 0 Warnings, 0 Critical Warnings and 0 Errors encountered.
opt_design completed successfully
INFO: [Timing 38-480] Writing timing data to binary archive.
Writing XDEF routing.
Writing XDEF routing logical nets.
Writing XDEF routing special nets.
Write XDEF Complete: Time (s): cpu = 00:00:01 ; elapsed = 00:00:00.091 . Memory (MB): peak = 2252.668 ; gain = 0.000
INFO: [Common 17-1381] The checkpoint 'C:/Projects/Lemmings_game/build/game_build/game_build.runs/impl_1/kr260_top_opt.dcp' has been generated.
INFO: [runtcl-4] Executing : report_drc -file kr260_top_drc_opted.rpt -pb kr260_top_drc_opted.pb -rpx kr260_top_drc_opted.rpx
Command: report_drc -file kr260_top_drc_opted.rpt -pb kr260_top_drc_opted.pb -rpx kr260_top_drc_opted.rpx
INFO: [IP_Flow 19-1839] IP Catalog is up to date.
INFO: [Constraints 18-483] create_clock: no pin(s)/port(s)/net(s) specified as objects, only virtual clock 'clk_virt_100mhz' will be created. If you don't want this, please specify pin(s)/ports(s)/net(s) as objects to the command. [C:/Projects/Lemmings_game/build/game_build/game_build.srcs/constrs_1/imports/constraints/io_map.xdc:17]
INFO: [Timing 38-35] Done setting XDC timing constraints.
INFO: [DRC 23-27] Running DRC with 2 threads
INFO: [Vivado_Tcl 2-168] The results of DRC are in file C:/Projects/Lemmings_game/build/game_build/game_build.runs/impl_1/kr260_top_drc_opted.rpt.
report_drc completed successfully
report_drc: Time (s): cpu = 00:00:20 ; elapsed = 00:00:33 . Memory (MB): peak = 3882.543 ; gain = 1629.875
Command: place_design
Attempting to get a license for feature 'Implementation' and/or device 'xck26'
INFO: [Common 17-349] Got license for feature 'Implementation' and/or device 'xck26'
INFO: [DRC 23-27] Running DRC with 2 threads
INFO: [Vivado_Tcl 4-198] DRC finished with 0 Errors
INFO: [Vivado_Tcl 4-199] Please refer to the DRC report (report_drc) for more information.
Running DRC as a precondition to command place_design
INFO: [DRC 23-27] Running DRC with 2 threads
INFO: [Vivado_Tcl 4-198] DRC finished with 0 Errors
INFO: [Vivado_Tcl 4-199] Please refer to the DRC report (report_drc) for more information.

Starting Placer Task
INFO: [Place 30-611] Multithreading enabled for place_design using a maximum of 2 CPUs

Phase 1 Placer Initialization

Phase 1.1 Placer Initialization Netlist Sorting
Netlist sorting complete. Time (s): cpu = 00:00:00 ; elapsed = 00:00:00.002 . Memory (MB): peak = 3882.543 ; gain = 0.000
Phase 1.1 Placer Initialization Netlist Sorting | Checksum: 7ca9f6f7

Time (s): cpu = 00:00:00 ; elapsed = 00:00:00.008 . Memory (MB): peak = 3882.543 ; gain = 0.000
Netlist sorting complete. Time (s): cpu = 00:00:00 ; elapsed = 00:00:00.001 . Memory (MB): peak = 3882.543 ; gain = 0.000

Phase 1.2 IO Placement/ Clock Placement/ Build Placer Device
Phase 1.2 IO Placement/ Clock Placement/ Build Placer Device | Checksum: 1999bfda6

Time (s): cpu = 00:00:00 ; elapsed = 00:00:00.552 . Memory (MB): peak = 3882.543 ; gain = 0.000

Phase 1.3 Build Placer Netlist Model
Phase 1.3 Build Placer Netlist Model | Checksum: 26cfb14ce

Time (s): cpu = 00:00:01 ; elapsed = 00:00:01 . Memory (MB): peak = 3882.543 ; gain = 0.000

Phase 1.4 Constrain Clocks/Macros
Phase 1.4 Constrain Clocks/Macros | Checksum: 26cfb14ce

Time (s): cpu = 00:00:01 ; elapsed = 00:00:01 . Memory (MB): peak = 3882.543 ; gain = 0.000
Phase 1 Placer Initialization | Checksum: 26cfb14ce

Time (s): cpu = 00:00:01 ; elapsed = 00:00:01 . Memory (MB): peak = 3882.543 ; gain = 0.000

Phase 2 Global Placement

Phase 2.1 Floorplanning

Phase 2.1.1 Partition Driven Placement

Phase 2.1.1.1 PBP: Partition Driven Placement
Phase 2.1.1.1 PBP: Partition Driven Placement | Checksum: 229422aa9

Time (s): cpu = 00:00:01 ; elapsed = 00:00:02 . Memory (MB): peak = 3882.543 ; gain = 0.000

Phase 2.1.1.2 PBP: Clock Region Placement
Phase 2.1.1.2 PBP: Clock Region Placement | Checksum: 229422aa9

Time (s): cpu = 00:00:01 ; elapsed = 00:00:02 . Memory (MB): peak = 3882.543 ; gain = 0.000

Phase 2.1.1.3 PBP: Compute Congestion
Phase 2.1.1.3 PBP: Compute Congestion | Checksum: 229422aa9

Time (s): cpu = 00:00:01 ; elapsed = 00:00:02 . Memory (MB): peak = 3882.543 ; gain = 0.000

Phase 2.1.1.4 PBP: UpdateTiming
Phase 2.1.1.4 PBP: UpdateTiming | Checksum: 20db80b48

Time (s): cpu = 00:00:01 ; elapsed = 00:00:02 . Memory (MB): peak = 3882.543 ; gain = 0.000

Phase 2.1.1.5 PBP: Add part constraints
Phase 2.1.1.5 PBP: Add part constraints | Checksum: 20db80b48

Time (s): cpu = 00:00:01 ; elapsed = 00:00:02 . Memory (MB): peak = 3882.543 ; gain = 0.000
Phase 2.1.1 Partition Driven Placement | Checksum: 20db80b48

Time (s): cpu = 00:00:01 ; elapsed = 00:00:02 . Memory (MB): peak = 3882.543 ; gain = 0.000
Phase 2.1 Floorplanning | Checksum: 25f0bce9d

Time (s): cpu = 00:00:01 ; elapsed = 00:00:02 . Memory (MB): peak = 3882.543 ; gain = 0.000

Phase 2.2 Update Timing before SLR Path Opt
Phase 2.2 Update Timing before SLR Path Opt | Checksum: 25f0bce9d

Time (s): cpu = 00:00:01 ; elapsed = 00:00:02 . Memory (MB): peak = 3882.543 ; gain = 0.000

Phase 2.3 Post-Processing in Floorplanning
Phase 2.3 Post-Processing in Floorplanning | Checksum: 25f0bce9d

Time (s): cpu = 00:00:01 ; elapsed = 00:00:02 . Memory (MB): peak = 3882.543 ; gain = 0.000

Phase 2.4 Global Placement Core

Phase 2.4.1 UpdateTiming Before Physical Synthesis
Phase 2.4.1 UpdateTiming Before Physical Synthesis | Checksum: 201de8415

Time (s): cpu = 00:00:03 ; elapsed = 00:00:04 . Memory (MB): peak = 3882.543 ; gain = 0.000

Phase 2.4.2 Physical Synthesis In Placer
INFO: [Physopt 32-1035] Found 0 LUTNM shape to break, 72 LUT instances to create LUTNM shape
INFO: [Physopt 32-1044] Break lutnm for timing: one critical 0, two critical 0, total 0, new lutff created 0
INFO: [Physopt 32-1138] End 1 Pass. Optimized 28 nets or LUTs. Breaked 0 LUT, combined 28 existing LUTs and moved 0 existing LUT
INFO: [Physopt 32-69] No nets found for rewiring optimization.
INFO: [Physopt 32-661] Optimized 0 net.  Re-placed 0 instance.
INFO: [Physopt 32-775] End 1 Pass. Optimized 0 net or cell. Created 0 new cell, deleted 0 existing cell and moved 0 existing cell
INFO: [Physopt 32-65] No nets found for high-fanout optimization.
INFO: [Physopt 32-232] Optimized 0 net. Created 0 new instance.
INFO: [Physopt 32-775] End 1 Pass. Optimized 0 net or cell. Created 0 new cell, deleted 0 existing cell and moved 0 existing cell
INFO: [Physopt 32-670] No setup violation found.  DSP Register Optimization was not performed.
INFO: [Physopt 32-670] No setup violation found.  Shift Register to Pipeline Optimization was not performed.
INFO: [Physopt 32-670] No setup violation found.  Shift Register Optimization was not performed.
INFO: [Physopt 32-670] No setup violation found.  BRAM Register Optimization was not performed.
INFO: [Physopt 32-670] No setup violation found.  URAM Register Optimization was not performed.
INFO: [Physopt 32-949] No candidate nets found for dynamic/static region interface net replication
INFO: [Physopt 32-775] End 1 Pass. Optimized 0 net or cell. Created 0 new cell, deleted 0 existing cell and moved 0 existing cell
Netlist sorting complete. Time (s): cpu = 00:00:00 ; elapsed = 00:00:00.001 . Memory (MB): peak = 3882.543 ; gain = 0.000

Summary of Physical Synthesis Optimizations
============================================


-----------------------------------------------------------------------------------------------------------------------------------------------------------
|  Optimization                                     |  Added Cells  |  Removed Cells  |  Optimized Cells/Nets  |  Dont Touch  |  Iterations  |  Elapsed   |
-----------------------------------------------------------------------------------------------------------------------------------------------------------
|  LUT Combining                                    |            0  |             28  |                    28  |           0  |           1  |  00:00:00  |
|  Retime                                           |            0  |              0  |                     0  |           0  |           1  |  00:00:00  |
|  Equivalent Driver Rewiring                       |            0  |              0  |                     0  |           0  |           1  |  00:00:00  |
|  Very High Fanout                                 |            0  |              0  |                     0  |           0  |           1  |  00:00:00  |
|  DSP Register                                     |            0  |              0  |                     0  |           0  |           0  |  00:00:00  |
|  Shift Register to Pipeline                       |            0  |              0  |                     0  |           0  |           0  |  00:00:00  |
|  Shift Register                                   |            0  |              0  |                     0  |           0  |           0  |  00:00:00  |
|  BRAM Register                                    |            0  |              0  |                     0  |           0  |           0  |  00:00:00  |
|  URAM Register                                    |            0  |              0  |                     0  |           0  |           0  |  00:00:00  |
|  Dynamic/Static Region Interface Net Replication  |            0  |              0  |                     0  |           0  |           1  |  00:00:00  |
|  Total                                            |            0  |             28  |                    28  |           0  |           5  |  00:00:00  |
-----------------------------------------------------------------------------------------------------------------------------------------------------------


Phase 2.4.2 Physical Synthesis In Placer | Checksum: 27fc69589

Time (s): cpu = 00:00:03 ; elapsed = 00:00:05 . Memory (MB): peak = 3882.543 ; gain = 0.000
Phase 2.4 Global Placement Core | Checksum: 2540e61f9

Time (s): cpu = 00:00:04 ; elapsed = 00:00:05 . Memory (MB): peak = 3882.543 ; gain = 0.000
Phase 2 Global Placement | Checksum: 2540e61f9

Time (s): cpu = 00:00:04 ; elapsed = 00:00:05 . Memory (MB): peak = 3882.543 ; gain = 0.000

Phase 3 Detail Placement

Phase 3.1 Commit Multi Column Macros
Phase 3.1 Commit Multi Column Macros | Checksum: 206e212ff

Time (s): cpu = 00:00:04 ; elapsed = 00:00:05 . Memory (MB): peak = 3882.543 ; gain = 0.000

Phase 3.2 Commit Most Macros & LUTRAMs
Phase 3.2 Commit Most Macros & LUTRAMs | Checksum: 2515ab3ae

Time (s): cpu = 00:00:04 ; elapsed = 00:00:05 . Memory (MB): peak = 3882.543 ; gain = 0.000

Phase 3.3 Small Shape DP

Phase 3.3.1 Small Shape Clustering
Phase 3.3.1 Small Shape Clustering | Checksum: 2016ae71a

Time (s): cpu = 00:00:04 ; elapsed = 00:00:05 . Memory (MB): peak = 3882.543 ; gain = 0.000

Phase 3.3.2 Flow Legalize Slice Clusters
Phase 3.3.2 Flow Legalize Slice Clusters | Checksum: 212ec4850

Time (s): cpu = 00:00:04 ; elapsed = 00:00:06 . Memory (MB): peak = 3882.543 ; gain = 0.000

Phase 3.3.3 Slice Area Swap

Phase 3.3.3.1 Slice Area Swap Initial
Phase 3.3.3.1 Slice Area Swap Initial | Checksum: 1ce5b21f4

Time (s): cpu = 00:00:04 ; elapsed = 00:00:06 . Memory (MB): peak = 3882.543 ; gain = 0.000
Phase 3.3.3 Slice Area Swap | Checksum: 1ce5b21f4

Time (s): cpu = 00:00:04 ; elapsed = 00:00:06 . Memory (MB): peak = 3882.543 ; gain = 0.000
Phase 3.3 Small Shape DP | Checksum: 1a7665f88

Time (s): cpu = 00:00:04 ; elapsed = 00:00:06 . Memory (MB): peak = 3882.543 ; gain = 0.000

Phase 3.4 Re-assign LUT pins
Phase 3.4 Re-assign LUT pins | Checksum: 28063bf0d

Time (s): cpu = 00:00:05 ; elapsed = 00:00:07 . Memory (MB): peak = 3882.543 ; gain = 0.000

Phase 3.5 Pipeline Register Optimization
Phase 3.5 Pipeline Register Optimization | Checksum: 240fdf011

Time (s): cpu = 00:00:05 ; elapsed = 00:00:07 . Memory (MB): peak = 3882.543 ; gain = 0.000
Phase 3 Detail Placement | Checksum: 240fdf011

Time (s): cpu = 00:00:05 ; elapsed = 00:00:07 . Memory (MB): peak = 3882.543 ; gain = 0.000

Phase 4 Post Placement Optimization and Clean-Up

Phase 4.1 Post Commit Optimization
INFO: [Constraints 18-483] create_clock: no pin(s)/port(s)/net(s) specified as objects, only virtual clock 'clk_virt_100mhz' will be created. If you don't want this, please specify pin(s)/ports(s)/net(s) as objects to the command. [C:/Projects/Lemmings_game/build/game_build/game_build.srcs/constrs_1/imports/constraints/io_map.xdc:17]
INFO: [Timing 38-35] Done setting XDC timing constraints.

Phase 4.1.1 Post Placement Optimization
Post Placement Optimization Initialization | Checksum: 2934506b7

Phase 4.1.1.1 BUFG Insertion

Starting Physical Synthesis Task

Phase 1 Physical Synthesis Initialization
INFO: [Physopt 32-721] Multithreading enabled for phys_opt_design using a maximum of 2 CPUs
INFO: [Physopt 32-619] Estimated Timing Summary | WNS=6.689 | TNS=0.000 |
Phase 1 Physical Synthesis Initialization | Checksum: 20d9c3089

Time (s): cpu = 00:00:00 ; elapsed = 00:00:00.054 . Memory (MB): peak = 3882.543 ; gain = 0.000
INFO: [Place 46-56] BUFG insertion identified 0 candidate nets. Inserted BUFG: 0, Replicated BUFG Driver: 0, Skipped due to Placement/Routing Conflicts: 0, Skipped due to Timing Degradation: 0, Skipped due to Illegal Netlist: 0.
Ending Physical Synthesis Task | Checksum: 2005652dc

Time (s): cpu = 00:00:00 ; elapsed = 00:00:00.070 . Memory (MB): peak = 3882.543 ; gain = 0.000
Phase 4.1.1.1 BUFG Insertion | Checksum: 2934506b7

Time (s): cpu = 00:00:05 ; elapsed = 00:00:08 . Memory (MB): peak = 3882.543 ; gain = 0.000

Phase 4.1.1.2 Post Placement Timing Optimization
INFO: [Place 30-746] Post Placement Timing Summary WNS=6.689. For the most accurate timing information please run report_timing.
Phase 4.1.1.2 Post Placement Timing Optimization | Checksum: 23acad5db

Time (s): cpu = 00:00:05 ; elapsed = 00:00:08 . Memory (MB): peak = 3882.543 ; gain = 0.000

Time (s): cpu = 00:00:05 ; elapsed = 00:00:08 . Memory (MB): peak = 3882.543 ; gain = 0.000
Phase 4.1 Post Commit Optimization | Checksum: 23acad5db

Time (s): cpu = 00:00:05 ; elapsed = 00:00:08 . Memory (MB): peak = 3882.543 ; gain = 0.000
Netlist sorting complete. Time (s): cpu = 00:00:00 ; elapsed = 00:00:00.003 . Memory (MB): peak = 3882.543 ; gain = 0.000

Phase 4.2 Post Placement Cleanup
Phase 4.2 Post Placement Cleanup | Checksum: 322461136

Time (s): cpu = 00:00:06 ; elapsed = 00:00:10 . Memory (MB): peak = 3882.543 ; gain = 0.000

Phase 4.3 Placer Reporting

Phase 4.3.1 Print Estimated Congestion
INFO: [Place 30-612] Post-Placement Estimated Congestion 
 ________________________________________________________________________
|           | Global Congestion | Long Congestion   | Short Congestion  |
| Direction | Region Size       | Region Size       | Region Size       |
|___________|___________________|___________________|___________________|
|      North|                1x1|                1x1|                2x2|
|___________|___________________|___________________|___________________|
|      South|                1x1|                1x1|                1x1|
|___________|___________________|___________________|___________________|
|       East|                1x1|                1x1|                4x4|
|___________|___________________|___________________|___________________|
|       West|                1x1|                1x1|                4x4|
|___________|___________________|___________________|___________________|

Phase 4.3.1 Print Estimated Congestion | Checksum: 322461136

Time (s): cpu = 00:00:06 ; elapsed = 00:00:10 . Memory (MB): peak = 3882.543 ; gain = 0.000
Phase 4.3 Placer Reporting | Checksum: 322461136

Time (s): cpu = 00:00:06 ; elapsed = 00:00:10 . Memory (MB): peak = 3882.543 ; gain = 0.000

Phase 4.4 Final Placement Cleanup
Netlist sorting complete. Time (s): cpu = 00:00:00 ; elapsed = 00:00:00.001 . Memory (MB): peak = 3882.543 ; gain = 0.000

Time (s): cpu = 00:00:06 ; elapsed = 00:00:10 . Memory (MB): peak = 3882.543 ; gain = 0.000
Phase 4 Post Placement Optimization and Clean-Up | Checksum: 3103c23c5

Time (s): cpu = 00:00:06 ; elapsed = 00:00:10 . Memory (MB): peak = 3882.543 ; gain = 0.000
Ending Placer Task | Checksum: 26ff7099d

Time (s): cpu = 00:00:06 ; elapsed = 00:00:10 . Memory (MB): peak = 3882.543 ; gain = 0.000
INFO: [Common 17-83] Releasing license: Implementation
88 Infos, 0 Warnings, 0 Critical Warnings and 0 Errors encountered.
place_design completed successfully
place_design: Time (s): cpu = 00:00:07 ; elapsed = 00:00:12 . Memory (MB): peak = 3882.543 ; gain = 0.000
INFO: [Timing 38-480] Writing timing data to binary archive.
Writing XDEF routing.
Writing XDEF routing logical nets.
Writing XDEF routing special nets.
Write XDEF Complete: Time (s): cpu = 00:00:01 ; elapsed = 00:00:00.310 . Memory (MB): peak = 3882.543 ; gain = 0.000
INFO: [Common 17-1381] The checkpoint 'C:/Projects/Lemmings_game/build/game_build/game_build.runs/impl_1/kr260_top_placed.dcp' has been generated.
INFO: [runtcl-4] Executing : report_io -file kr260_top_io_placed.rpt
report_io: Time (s): cpu = 00:00:00 ; elapsed = 00:00:00.095 . Memory (MB): peak = 3882.543 ; gain = 0.000
INFO: [runtcl-4] Executing : report_utilization -file kr260_top_utilization_placed.rpt -pb kr260_top_utilization_placed.pb
INFO: [runtcl-4] Executing : report_control_sets -verbose -file kr260_top_control_sets_placed.rpt
report_control_sets: Time (s): cpu = 00:00:00 ; elapsed = 00:00:00.008 . Memory (MB): peak = 3882.543 ; gain = 0.000
Command: phys_opt_design
Attempting to get a license for feature 'Implementation' and/or device 'xck26'
INFO: [Common 17-349] Got license for feature 'Implementation' and/or device 'xck26'

Starting Initial Update Timing Task

Time (s): cpu = 00:00:01 ; elapsed = 00:00:00.361 . Memory (MB): peak = 3882.543 ; gain = 0.000
INFO: [Vivado_Tcl 4-383] Design worst setup slack (WNS) is greater than or equal to 0.000 ns. Skipping all physical synthesis optimizations.
INFO: [Vivado_Tcl 4-232] No setup violation found. The netlist was not modified.
INFO: [Common 17-83] Releasing license: Implementation
97 Infos, 0 Warnings, 0 Critical Warnings and 0 Errors encountered.
phys_opt_design completed successfully
INFO: [Timing 38-480] Writing timing data to binary archive.
Writing XDEF routing.
Writing XDEF routing logical nets.
Writing XDEF routing special nets.
Write XDEF Complete: Time (s): cpu = 00:00:00 ; elapsed = 00:00:00.305 . Memory (MB): peak = 3882.543 ; gain = 0.000
INFO: [Common 17-1381] The checkpoint 'C:/Projects/Lemmings_game/build/game_build/game_build.runs/impl_1/kr260_top_physopt.dcp' has been generated.
Command: route_design
Attempting to get a license for feature 'Implementation' and/or device 'xck26'
INFO: [Common 17-349] Got license for feature 'Implementation' and/or device 'xck26'
Running DRC as a precondition to command route_design
INFO: [DRC 23-27] Running DRC with 2 threads
INFO: [Vivado_Tcl 4-198] DRC finished with 0 Errors
INFO: [Vivado_Tcl 4-199] Please refer to the DRC report (report_drc) for more information.


Starting Routing Task
INFO: [Route 35-254] Multithreading enabled for route_design using a maximum of 2 CPUs

Phase 1 Build RT Design
Checksum: PlaceDB: eb796d57 ConstDB: 0 ShapeSum: 9d0260eb RouteDB: e77b3b5b
Nodegraph reading from file.  Time (s): cpu = 00:00:00 ; elapsed = 00:00:00.982 . Memory (MB): peak = 3882.543 ; gain = 0.000
Post Restoration Checksum: NetGraph: 51f8691 NumContArr: 5584c5d0 Constraints: 39e25674 Timing: 0
Phase 1 Build RT Design | Checksum: 9486a2d5

Time (s): cpu = 00:00:02 ; elapsed = 00:00:04 . Memory (MB): peak = 3882.543 ; gain = 0.000

Phase 2 Router Initialization

Phase 2.1 Fix Topology Constraints
Phase 2.1 Fix Topology Constraints | Checksum: 9486a2d5

Time (s): cpu = 00:00:02 ; elapsed = 00:00:04 . Memory (MB): peak = 3882.543 ; gain = 0.000

Phase 2.2 Pre Route Cleanup
Phase 2.2 Pre Route Cleanup | Checksum: 9486a2d5

Time (s): cpu = 00:00:02 ; elapsed = 00:00:04 . Memory (MB): peak = 3882.543 ; gain = 0.000

Phase 2.3 Global Clock Net Routing
 Number of Nodes with overlaps = 0
Phase 2.3 Global Clock Net Routing | Checksum: 639daf98

Time (s): cpu = 00:00:02 ; elapsed = 00:00:04 . Memory (MB): peak = 3882.543 ; gain = 0.000

Phase 2.4 Update Timing
Phase 2.4 Update Timing | Checksum: 116b618ac

Time (s): cpu = 00:00:03 ; elapsed = 00:00:04 . Memory (MB): peak = 3882.543 ; gain = 0.000
INFO: [Route 35-416] Intermediate Timing Summary | WNS=6.748  | TNS=0.000  | WHS=-0.073 | THS=-14.101|


Router Utilization Summary
  Global Vertical Routing Utilization    = 0 %
  Global Horizontal Routing Utilization  = 0 %
  Routable Net Status*
  *Does not include unroutable nets such as driverless and loadless.
  Run report_route_status for detailed report.
  Number of Failed Nets               = 2055
    (Failed Nets is the sum of unrouted and partially routed nets)
  Number of Unrouted Nets             = 1502
  Number of Partially Routed Nets     = 553
  Number of Node Overlaps             = 0

Phase 2 Router Initialization | Checksum: e94799de

Time (s): cpu = 00:00:03 ; elapsed = 00:00:05 . Memory (MB): peak = 3882.543 ; gain = 0.000

Phase 3 Initial Routing

Phase 3.1 Global Routing
Phase 3.1 Global Routing | Checksum: e94799de

Time (s): cpu = 00:00:03 ; elapsed = 00:00:05 . Memory (MB): peak = 3882.543 ; gain = 0.000
Phase 3 Initial Routing | Checksum: 21cb2034f

Time (s): cpu = 00:00:04 ; elapsed = 00:00:06 . Memory (MB): peak = 3882.543 ; gain = 0.000

Phase 4 Rip-up And Reroute

Phase 4.1 Global Iteration 0
 Number of Nodes with overlaps = 395
 Number of Nodes with overlaps = 23
 Number of Nodes with overlaps = 0
INFO: [Route 35-416] Intermediate Timing Summary | WNS=5.898  | TNS=0.000  | WHS=-0.004 | THS=-0.004 |

Phase 4.1 Global Iteration 0 | Checksum: 19fe6f4e9

Time (s): cpu = 00:00:04 ; elapsed = 00:00:07 . Memory (MB): peak = 3882.543 ; gain = 0.000

Phase 4.2 Additional Iteration for Hold
Phase 4.2 Additional Iteration for Hold | Checksum: 24ac3af47

Time (s): cpu = 00:00:04 ; elapsed = 00:00:07 . Memory (MB): peak = 3882.543 ; gain = 0.000
Phase 4 Rip-up And Reroute | Checksum: 24ac3af47

Time (s): cpu = 00:00:04 ; elapsed = 00:00:07 . Memory (MB): peak = 3882.543 ; gain = 0.000

Phase 5 Delay and Skew Optimization

Phase 5.1 Delay CleanUp

Phase 5.1.1 Update Timing
Phase 5.1.1 Update Timing | Checksum: 19e4a9e4a

Time (s): cpu = 00:00:04 ; elapsed = 00:00:07 . Memory (MB): peak = 3882.543 ; gain = 0.000
INFO: [Route 35-416] Intermediate Timing Summary | WNS=5.898  | TNS=0.000  | WHS=0.017  | THS=0.000  |


Phase 5.1.2 Update Timing
Phase 5.1.2 Update Timing | Checksum: 1820ab802

Time (s): cpu = 00:00:04 ; elapsed = 00:00:08 . Memory (MB): peak = 3882.543 ; gain = 0.000
INFO: [Route 35-416] Intermediate Timing Summary | WNS=5.898  | TNS=0.000  | WHS=0.017  | THS=0.000  |

Phase 5.1 Delay CleanUp | Checksum: 1820ab802

Time (s): cpu = 00:00:04 ; elapsed = 00:00:08 . Memory (MB): peak = 3882.543 ; gain = 0.000

Phase 5.2 Clock Skew Optimization
Phase 5.2 Clock Skew Optimization | Checksum: 1820ab802

Time (s): cpu = 00:00:04 ; elapsed = 00:00:08 . Memory (MB): peak = 3882.543 ; gain = 0.000
Phase 5 Delay and Skew Optimization | Checksum: 1820ab802

Time (s): cpu = 00:00:04 ; elapsed = 00:00:08 . Memory (MB): peak = 3882.543 ; gain = 0.000

Phase 6 Post Hold Fix

Phase 6.1 Hold Fix Iter

Phase 6.1.1 Update Timing
Phase 6.1.1 Update Timing | Checksum: 19124dd82

Time (s): cpu = 00:00:04 ; elapsed = 00:00:08 . Memory (MB): peak = 3882.543 ; gain = 0.000
INFO: [Route 35-416] Intermediate Timing Summary | WNS=5.898  | TNS=0.000  | WHS=0.017  | THS=0.000  |

Phase 6.1 Hold Fix Iter | Checksum: 13c0e8872

Time (s): cpu = 00:00:04 ; elapsed = 00:00:08 . Memory (MB): peak = 3882.543 ; gain = 0.000
Phase 6 Post Hold Fix | Checksum: 13c0e8872

Time (s): cpu = 00:00:04 ; elapsed = 00:00:08 . Memory (MB): peak = 3882.543 ; gain = 0.000

Phase 7 Route finalize

Router Utilization Summary
  Global Vertical Routing Utilization    = 0.118396 %
  Global Horizontal Routing Utilization  = 0.154386 %
  Routable Net Status*
  *Does not include unroutable nets such as driverless and loadless.
  Run report_route_status for detailed report.
  Number of Failed Nets               = 0
    (Failed Nets is the sum of unrouted and partially routed nets)
  Number of Unrouted Nets             = 0
  Number of Partially Routed Nets     = 0
  Number of Node Overlaps             = 0

Phase 7 Route finalize | Checksum: fb263020

Time (s): cpu = 00:00:05 ; elapsed = 00:00:08 . Memory (MB): peak = 3882.543 ; gain = 0.000

Phase 8 Verifying routed nets

 Verification completed successfully
Phase 8 Verifying routed nets | Checksum: fb263020

Time (s): cpu = 00:00:05 ; elapsed = 00:00:08 . Memory (MB): peak = 3882.543 ; gain = 0.000

Phase 9 Depositing Routes
Phase 9 Depositing Routes | Checksum: fb263020

Time (s): cpu = 00:00:05 ; elapsed = 00:00:08 . Memory (MB): peak = 3882.543 ; gain = 0.000

Phase 10 Resolve XTalk
Phase 10 Resolve XTalk | Checksum: fb263020

Time (s): cpu = 00:00:05 ; elapsed = 00:00:08 . Memory (MB): peak = 3882.543 ; gain = 0.000

Phase 11 Post Router Timing
INFO: [Route 35-57] Estimated Timing Summary | WNS=5.898  | TNS=0.000  | WHS=0.017  | THS=0.000  |

INFO: [Route 35-327] The final timing numbers are based on the router estimated timing analysis. For a complete and accurate timing signoff, please run report_timing_summary.
Phase 11 Post Router Timing | Checksum: fb263020

Time (s): cpu = 00:00:05 ; elapsed = 00:00:08 . Memory (MB): peak = 3882.543 ; gain = 0.000
INFO: [Route 35-16] Router Completed Successfully

Time (s): cpu = 00:00:05 ; elapsed = 00:00:08 . Memory (MB): peak = 3882.543 ; gain = 0.000

Routing Is Done.
INFO: [Common 17-83] Releasing license: Implementation
113 Infos, 0 Warnings, 0 Critical Warnings and 0 Errors encountered.
route_design completed successfully
route_design: Time (s): cpu = 00:00:07 ; elapsed = 00:00:10 . Memory (MB): peak = 3882.543 ; gain = 0.000
INFO: [Timing 38-480] Writing timing data to binary archive.
Writing XDEF routing.
Writing XDEF routing logical nets.
Writing XDEF routing special nets.
Write XDEF Complete: Time (s): cpu = 00:00:00 ; elapsed = 00:00:00.356 . Memory (MB): peak = 3882.543 ; gain = 0.000
INFO: [Common 17-1381] The checkpoint 'C:/Projects/Lemmings_game/build/game_build/game_build.runs/impl_1/kr260_top_routed.dcp' has been generated.
INFO: [runtcl-4] Executing : report_drc -file kr260_top_drc_routed.rpt -pb kr260_top_drc_routed.pb -rpx kr260_top_drc_routed.rpx
Command: report_drc -file kr260_top_drc_routed.rpt -pb kr260_top_drc_routed.pb -rpx kr260_top_drc_routed.rpx
INFO: [IP_Flow 19-1839] IP Catalog is up to date.
INFO: [DRC 23-27] Running DRC with 2 threads
INFO: [Vivado_Tcl 2-168] The results of DRC are in file C:/Projects/Lemmings_game/build/game_build/game_build.runs/impl_1/kr260_top_drc_routed.rpt.
report_drc completed successfully
INFO: [runtcl-4] Executing : report_methodology -file kr260_top_methodology_drc_routed.rpt -pb kr260_top_methodology_drc_routed.pb -rpx kr260_top_methodology_drc_routed.rpx
Command: report_methodology -file kr260_top_methodology_drc_routed.rpt -pb kr260_top_methodology_drc_routed.pb -rpx kr260_top_methodology_drc_routed.rpx
INFO: [Constraints 18-483] create_clock: no pin(s)/port(s)/net(s) specified as objects, only virtual clock 'clk_virt_100mhz' will be created. If you don't want this, please specify pin(s)/ports(s)/net(s) as objects to the command. [C:/Projects/Lemmings_game/build/game_build/game_build.srcs/constrs_1/imports/constraints/io_map.xdc:17]
INFO: [Timing 38-35] Done setting XDC timing constraints.
INFO: [DRC 23-133] Running Methodology with 2 threads
INFO: [Vivado_Tcl 2-1520] The results of Report Methodology are in file C:/Projects/Lemmings_game/build/game_build/game_build.runs/impl_1/kr260_top_methodology_drc_routed.rpt.
report_methodology completed successfully
INFO: [runtcl-4] Executing : report_power -file kr260_top_power_routed.rpt -pb kr260_top_power_summary_routed.pb -rpx kr260_top_power_routed.rpx
Command: report_power -file kr260_top_power_routed.rpt -pb kr260_top_power_summary_routed.pb -rpx kr260_top_power_routed.rpx
INFO: [Constraints 18-483] create_clock: no pin(s)/port(s)/net(s) specified as objects, only virtual clock 'clk_virt_100mhz' will be created. If you don't want this, please specify pin(s)/ports(s)/net(s) as objects to the command. [C:/Projects/Lemmings_game/build/game_build/game_build.srcs/constrs_1/imports/constraints/io_map.xdc:17]
INFO: [Timing 38-35] Done setting XDC timing constraints.
Running Vector-less Activity Propagation...

Finished Running Vector-less Activity Propagation
127 Infos, 0 Warnings, 0 Critical Warnings and 0 Errors encountered.
report_power completed successfully
INFO: [runtcl-4] Executing : report_route_status -file kr260_top_route_status.rpt -pb kr260_top_route_status.pb
INFO: [runtcl-4] Executing : report_timing_summary -max_paths 10 -report_unconstrained -file kr260_top_timing_summary_routed.rpt -pb kr260_top_timing_summary_routed.pb -rpx kr260_top_timing_summary_routed.rpx -warn_on_violation 
INFO: [Timing 38-91] UpdateTimingParams: Speed grade: -2LV, Temperature grade: C, Delay Type: min_max.
INFO: [Timing 38-191] Multithreading enabled for timing update using a maximum of 2 CPUs
INFO: [runtcl-4] Executing : report_incremental_reuse -file kr260_top_incremental_reuse_routed.rpt
INFO: [Vivado_Tcl 4-1062] Incremental flow is disabled. No incremental reuse Info to report.
INFO: [runtcl-4] Executing : report_clock_utilization -file kr260_top_clock_utilization_routed.rpt
INFO: [runtcl-4] Executing : report_bus_skew -warn_on_violation -file kr260_top_bus_skew_routed.rpt -pb kr260_top_bus_skew_routed.pb -rpx kr260_top_bus_skew_routed.rpx
INFO: [Timing 38-91] UpdateTimingParams: Speed grade: -2LV, Temperature grade: C, Delay Type: min_max.
INFO: [Timing 38-191] Multithreading enabled for timing update using a maximum of 2 CPUs
INFO: [Common 17-206] Exiting Vivado at Sat Oct 26 18:57:37 2024...

*** Running vivado
    with args -log kr260_top.vdi -applog -m64 -product Vivado -messageDb vivado.pb -mode batch -source kr260_top.tcl -notrace



****** Vivado v2022.2 (64-bit)
  **** SW Build 3671981 on Fri Oct 14 05:00:03 MDT 2022
  **** IP Build 3669848 on Fri Oct 14 08:30:02 MDT 2022
    ** Copyright 1986-2022 Xilinx, Inc. All Rights Reserved.

source kr260_top.tcl -notrace
Command: open_checkpoint kr260_top_routed.dcp
INFO: [Device 21-403] Loading part xck26-sfvc784-2LV-c
Netlist sorting complete. Time (s): cpu = 00:00:01 ; elapsed = 00:00:00.106 . Memory (MB): peak = 1467.574 ; gain = 0.000
INFO: [Netlist 29-17] Analyzing 9 Unisim elements for replacement
INFO: [Netlist 29-28] Unisim Transformation completed in 0 CPU seconds
INFO: [Project 1-479] Netlist was created with Vivado 2022.2
INFO: [Project 1-570] Preparing netlist for logic optimization
INFO: [Timing 38-478] Restoring timing data from binary archive.
INFO: [Timing 38-479] Binary timing data restore complete.
INFO: [Project 1-856] Restoring constraints from binary archive.
INFO: [Project 1-853] Binary constraint restore complete.
Reading XDEF placement.
Reading placer database...
Reading XDEF routing.
Read XDEF Files: Time (s): cpu = 00:00:00 ; elapsed = 00:00:02 . Memory (MB): peak = 1862.312 ; gain = 25.219
Restored from archive | CPU: 0.000000 secs | Memory: 0.000000 MB |
Finished XDEF File Restore: Time (s): cpu = 00:00:00 ; elapsed = 00:00:02 . Memory (MB): peak = 1862.312 ; gain = 25.219
Netlist sorting complete. Time (s): cpu = 00:00:00 ; elapsed = 00:00:00.001 . Memory (MB): peak = 2314.246 ; gain = 0.000
INFO: [Project 1-111] Unisim Transformation Summary:
  A total of 7 instances were transformed.
  RAM32M16 => RAM32M16 (RAMD32(x14), RAMS32(x2)): 5 instances
  RAM32X1D => RAM32X1D (RAMD32(x2)): 2 instances

INFO: [Project 1-604] Checkpoint was created with Vivado v2022.2 (64-bit) build 3671981
OpenCheckpoint Checksum | Checksum: 16e503595
----- Checksum: PlaceDB: 9df76af5 ShapeSum: 9d0260eb RouteDB: 335669b5 
open_checkpoint: Time (s): cpu = 00:00:19 ; elapsed = 00:00:37 . Memory (MB): peak = 2314.246 ; gain = 1964.043

WARNING::74 - Unsupported FPGA device name 'xck26-sfvc784-2LV-c'. Verify that the specified device is a valid customer supported device.
-p xck26-sfvc784-2LV-c
   ^


WARNING::74 - Unsupported FPGA device name 'xck26-sfvc784-2LV-c'. Verify that the specified device is a valid customer supported device.
-p xck26-sfvc784-2LV-c
   ^


WARNING::74 - Unsupported FPGA device name 'xck26-sfvc784-2LV-c'. Verify that the specified device is a valid customer supported device.
-p xck26-sfvc784-2LV-c
   ^

Command: write_bitstream -force kr260_top.bit
Attempting to get a license for feature 'Implementation' and/or device 'xck26'
INFO: [Common 17-349] Got license for feature 'Implementation' and/or device 'xck26'
Running DRC as a precondition to command write_bitstream
INFO: [IP_Flow 19-234] Refreshing IP repositories
INFO: [IP_Flow 19-1704] No user IP repositories specified
INFO: [IP_Flow 19-2313] Loaded Vivado IP repository 'C:/Xilinx/Vivado/2022.2/data/ip'.
INFO: [DRC 23-27] Running DRC with 2 threads
WARNING: [DRC PDCN-1569] LUT equation term check: Used physical LUT pin 'A2' of cell dut2/ps8_0_axi_periph/s00_couplers/auto_ds/inst/gen_downsizer.gen_simple_downsizer.axi_downsizer_inst/USE_WRITE.write_addr_inst/USE_B_CHANNEL.cmd_b_queue/inst/fifo_gen_inst/inst_fifo_gen/gconvfifo.rf/grf.rf/gntv_or_sync_fifo.gl0.rd/gr1.gr1_int.rfwft/gpregsm1.user_valid_i_1 (pin dut2/ps8_0_axi_periph/s00_couplers/auto_ds/inst/gen_downsizer.gen_simple_downsizer.axi_downsizer_inst/USE_WRITE.write_addr_inst/USE_B_CHANNEL.cmd_b_queue/inst/fifo_gen_inst/inst_fifo_gen/gconvfifo.rf/grf.rf/gntv_or_sync_fifo.gl0.rd/gr1.gr1_int.rfwft/gpregsm1.user_valid_i_1/I1) is not included in the LUT equation: 'O5=(A3)+((~A3)*(~A1)*A4)'. If this cell is a user instantiated LUT in the design, please remove connectivity to the pin or change the equation and/or INIT string of the LUT to prevent this issue. If the cell is inferred or IP created LUT, please regenerate the IP and/or resynthesize the design to attempt to correct the issue.
WARNING: [DRC PDCN-1569] LUT equation term check: Used physical LUT pin 'A4' of cell dut2/ps8_0_axi_periph/s00_couplers/auto_ds/inst/gen_downsizer.gen_simple_downsizer.axi_downsizer_inst/USE_WRITE.write_addr_inst/cmd_queue/inst/fifo_gen_inst/inst_fifo_gen/gconvfifo.rf/grf.rf/gntv_or_sync_fifo.gl0.rd/gr1.gr1_int.rfwft/gpregsm1.user_valid_i_1 (pin dut2/ps8_0_axi_periph/s00_couplers/auto_ds/inst/gen_downsizer.gen_simple_downsizer.axi_downsizer_inst/USE_WRITE.write_addr_inst/cmd_queue/inst/fifo_gen_inst/inst_fifo_gen/gconvfifo.rf/grf.rf/gntv_or_sync_fifo.gl0.rd/gr1.gr1_int.rfwft/gpregsm1.user_valid_i_1/I1) is not included in the LUT equation: 'O5=(A2)+((~A2)*(~A5)*A1)'. If this cell is a user instantiated LUT in the design, please remove connectivity to the pin or change the equation and/or INIT string of the LUT to prevent this issue. If the cell is inferred or IP created LUT, please regenerate the IP and/or resynthesize the design to attempt to correct the issue.
WARNING: [DRC PDCN-1569] LUT equation term check: Used physical LUT pin 'A5' of cell dut2/ps8_0_axi_periph/s00_couplers/auto_ds/inst/gen_downsizer.gen_simple_downsizer.axi_downsizer_inst/USE_READ.read_addr_inst/cmd_queue/inst/fifo_gen_inst/inst_fifo_gen/gconvfifo.rf/grf.rf/gntv_or_sync_fifo.gl0.rd/gr1.gr1_int.rfwft/gpregsm1.user_valid_i_1 (pin dut2/ps8_0_axi_periph/s00_couplers/auto_ds/inst/gen_downsizer.gen_simple_downsizer.axi_downsizer_inst/USE_READ.read_addr_inst/cmd_queue/inst/fifo_gen_inst/inst_fifo_gen/gconvfifo.rf/grf.rf/gntv_or_sync_fifo.gl0.rd/gr1.gr1_int.rfwft/gpregsm1.user_valid_i_1/I1) is not included in the LUT equation: 'O5=(A3)+((~A3)*(~A1)*A4)'. If this cell is a user instantiated LUT in the design, please remove connectivity to the pin or change the equation and/or INIT string of the LUT to prevent this issue. If the cell is inferred or IP created LUT, please regenerate the IP and/or resynthesize the design to attempt to correct the issue.
WARNING: [DRC RTSTAT-10] No routable loads: 33 net(s) have no routable loads. The problem bus(es) and/or net(s) are dut2/ps8_0_axi_periph/s00_couplers/auto_ds/inst/gen_downsizer.gen_simple_downsizer.axi_downsizer_inst/USE_WRITE.write_addr_inst/cmd_queue/inst/fifo_gen_inst/inst_fifo_gen/gconvfifo.rf/grf.rf/gntv_or_sync_fifo.gl0.rd/gr1.gr1_int.rfwft/aempty_fwft_i, dut2/ps8_0_axi_periph/s00_couplers/auto_ds/inst/gen_downsizer.gen_simple_downsizer.axi_downsizer_inst/USE_WRITE.write_addr_inst/USE_B_CHANNEL.cmd_b_queue/inst/fifo_gen_inst/inst_fifo_gen/gconvfifo.rf/grf.rf/gntv_or_sync_fifo.gl0.rd/gr1.gr1_int.rfwft/aempty_fwft_i, dut2/ps8_0_axi_periph/s00_couplers/auto_ds/inst/gen_downsizer.gen_simple_downsizer.axi_downsizer_inst/USE_READ.read_addr_inst/cmd_queue/inst/fifo_gen_inst/inst_fifo_gen/gconvfifo.rf/grf.rf/gntv_or_sync_fifo.gl0.rd/gr1.gr1_int.rfwft/aempty_fwft_i, dut2/ps8_0_axi_periph/s00_couplers/auto_ds/inst/gen_downsizer.gen_simple_downsizer.axi_downsizer_inst/USE_READ.read_addr_inst/cmd_queue/inst/fifo_gen_inst/inst_fifo_gen/gconvfifo.rf/grf.rf/rstblk/ngwrdrst.grst.rd_rst_reg[2:0], dut2/ps8_0_axi_periph/s00_couplers/auto_ds/inst/gen_downsizer.gen_simple_downsizer.axi_downsizer_inst/USE_WRITE.write_addr_inst/cmd_queue/inst/fifo_gen_inst/inst_fifo_gen/gconvfifo.rf/grf.rf/rstblk/ngwrdrst.grst.rd_rst_reg[2:0], dut2/ps8_0_axi_periph/s00_couplers/auto_ds/inst/gen_downsizer.gen_simple_downsizer.axi_downsizer_inst/USE_WRITE.write_addr_inst/USE_B_CHANNEL.cmd_b_queue/inst/fifo_gen_inst/inst_fifo_gen/gconvfifo.rf/grf.rf/rstblk/ngwrdrst.grst.rd_rst_reg[2:0], dut2/ps8_0_axi_periph/s00_couplers/auto_ds/inst/gen_downsizer.gen_simple_downsizer.axi_downsizer_inst/USE_READ.read_addr_inst/cmd_queue/inst/fifo_gen_inst/inst_fifo_gen/gconvfifo.rf/grf.rf/rstblk/ngwrdrst.grst.wr_rst_reg[2:0], dut2/ps8_0_axi_periph/s00_couplers/auto_ds/inst/gen_downsizer.gen_simple_downsizer.axi_downsizer_inst/USE_WRITE.write_addr_inst/USE_B_CHANNEL.cmd_b_queue/inst/fifo_gen_inst/inst_fifo_gen/gconvfifo.rf/grf.rf/rstblk/ngwrdrst.grst.wr_rst_reg[2:0], dut2/ps8_0_axi_periph/s00_couplers/auto_ds/inst/gen_downsizer.gen_simple_downsizer.axi_downsizer_inst/USE_WRITE.write_addr_inst/cmd_queue/inst/fifo_gen_inst/inst_fifo_gen/gconvfifo.rf/grf.rf/rstblk/ngwrdrst.grst.wr_rst_reg[2:0], dut2/ps8_0_axi_periph/s00_couplers/auto_ds/inst/gen_downsizer.gen_simple_downsizer.axi_downsizer_inst/USE_WRITE.write_addr_inst/USE_B_CHANNEL.cmd_b_queue/inst/fifo_gen_inst/inst_fifo_gen/gconvfifo.rf/grf.rf/gntv_or_sync_fifo.gl0.wr/gwss.wsts/ram_afull_fb, dut2/ps8_0_axi_periph/s00_couplers/auto_ds/inst/gen_downsizer.gen_simple_downsizer.axi_downsizer_inst/USE_READ.read_addr_inst/cmd_queue/inst/fifo_gen_inst/inst_fifo_gen/gconvfifo.rf/grf.rf/gntv_or_sync_fifo.gl0.wr/gwss.wsts/ram_afull_fb, dut2/ps8_0_axi_periph/s00_couplers/auto_ds/inst/gen_downsizer.gen_simple_downsizer.axi_downsizer_inst/USE_WRITE.write_addr_inst/cmd_queue/inst/fifo_gen_inst/inst_fifo_gen/gconvfifo.rf/grf.rf/gntv_or_sync_fifo.gl0.wr/gwss.wsts/ram_afull_fb, dut2/ps8_0_axi_periph/s00_couplers/auto_ds/inst/gen_downsizer.gen_simple_downsizer.axi_downsizer_inst/USE_WRITE.write_addr_inst/USE_B_CHANNEL.cmd_b_queue/inst/fifo_gen_inst/inst_fifo_gen/gconvfifo.rf/grf.rf/gntv_or_sync_fifo.gl0.wr/gwss.wsts/ram_afull_i, dut2/ps8_0_axi_periph/s00_couplers/auto_ds/inst/gen_downsizer.gen_simple_downsizer.axi_downsizer_inst/USE_WRITE.write_addr_inst/cmd_queue/inst/fifo_gen_inst/inst_fifo_gen/gconvfifo.rf/grf.rf/gntv_or_sync_fifo.gl0.wr/gwss.wsts/ram_afull_i, dut2/ps8_0_axi_periph/s00_couplers/auto_ds/inst/gen_downsizer.gen_simple_downsizer.axi_downsizer_inst/USE_READ.read_addr_inst/cmd_queue/inst/fifo_gen_inst/inst_fifo_gen/gconvfifo.rf/grf.rf/gntv_or_sync_fifo.gl0.wr/gwss.wsts/ram_afull_i... and (the first 15 of 21 listed).
INFO: [Vivado 12-3199] DRC finished with 0 Errors, 4 Warnings
INFO: [Vivado 12-3200] Please refer to the DRC report (report_drc) for more information.
INFO: [Designutils 20-2272] Running write_bitstream with 2 threads.
Loading data files...
Loading site data...
Loading route data...
Processing options...
Creating bitmap...
Creating bitstream...
Writing bitstream ./kr260_top.bit...
INFO: [Vivado 12-1842] Bitgen Completed Successfully.
INFO: [Project 1-1876] WebTalk data collection is mandatory when using a ULT device. To see the specific WebTalk data collected for your design, open the usage_statistics_webtalk.html or usage_statistics_webtalk.xml file in the implementation directory.
INFO: [Common 17-83] Releasing license: Implementation
22 Infos, 4 Warnings, 0 Critical Warnings and 0 Errors encountered.
write_bitstream completed successfully
write_bitstream: Time (s): cpu = 00:00:13 ; elapsed = 00:00:18 . Memory (MB): peak = 2676.676 ; gain = 362.430
INFO: [Common 17-206] Exiting Vivado at Sat Oct 26 18:59:34 2024...
